mode: set
github.com/HoYaStudy/Go_Study/hcoin/utils/utils.go:17.27,18.16 1 1
github.com/HoYaStudy/Go_Study/hcoin/utils/utils.go:18.16,20.3 1 1
github.com/HoYaStudy/Go_Study/hcoin/utils/utils.go:23.36,28.2 4 1
github.com/HoYaStudy/Go_Study/hcoin/utils/utils.go:31.44,34.2 2 1
github.com/HoYaStudy/Go_Study/hcoin/utils/utils.go:37.33,41.2 3 1
github.com/HoYaStudy/Go_Study/hcoin/utils/utils.go:43.51,45.18 2 1
github.com/HoYaStudy/Go_Study/hcoin/utils/utils.go:48.2,48.13 1 1
github.com/HoYaStudy/Go_Study/hcoin/utils/utils.go:45.18,47.3 1 1
github.com/HoYaStudy/Go_Study/hcoin/utils/utils.go:51.35,55.2 3 1
github.com/HoYaStudy/Go_Study/hcoin/wallet/wallet.go:35.23,36.14 1 1
github.com/HoYaStudy/Go_Study/hcoin/wallet/wallet.go:47.2,47.10 1 1
github.com/HoYaStudy/Go_Study/hcoin/wallet/wallet.go:36.14,38.28 2 1
github.com/HoYaStudy/Go_Study/hcoin/wallet/wallet.go:45.3,45.40 1 1
github.com/HoYaStudy/Go_Study/hcoin/wallet/wallet.go:38.28,40.4 1 1
github.com/HoYaStudy/Go_Study/hcoin/wallet/wallet.go:40.9,44.4 3 1
github.com/HoYaStudy/Go_Study/hcoin/wallet/wallet.go:50.45,56.2 5 1
github.com/HoYaStudy/Go_Study/hcoin/wallet/wallet.go:58.54,72.2 9 1
github.com/HoYaStudy/Go_Study/hcoin/wallet/wallet.go:74.35,77.2 2 0
github.com/HoYaStudy/Go_Study/hcoin/wallet/wallet.go:79.74,81.2 1 0
github.com/HoYaStudy/Go_Study/hcoin/wallet/wallet.go:83.52,85.2 1 0
github.com/HoYaStudy/Go_Study/hcoin/wallet/wallet.go:87.40,91.2 3 1
github.com/HoYaStudy/Go_Study/hcoin/wallet/wallet.go:93.40,98.2 4 1
github.com/HoYaStudy/Go_Study/hcoin/wallet/wallet.go:100.43,106.2 5 1
github.com/HoYaStudy/Go_Study/hcoin/wallet/wallet.go:108.65,110.16 2 1
github.com/HoYaStudy/Go_Study/hcoin/wallet/wallet.go:113.2,119.26 7 1
github.com/HoYaStudy/Go_Study/hcoin/wallet/wallet.go:110.16,112.3 1 1
github.com/HoYaStudy/Go_Study/hcoin/wallet/wallet.go:122.40,125.2 2 1
github.com/HoYaStudy/Go_Study/hcoin/wallet/wallet.go:127.48,129.2 1 1
github.com/HoYaStudy/Go_Study/hcoin/blockchain/block.go:23.45,25.23 2 1
github.com/HoYaStudy/Go_Study/hcoin/blockchain/block.go:28.2,30.19 3 1
github.com/HoYaStudy/Go_Study/hcoin/blockchain/block.go:25.23,27.3 1 1
github.com/HoYaStudy/Go_Study/hcoin/blockchain/block.go:33.70,42.2 5 1
github.com/HoYaStudy/Go_Study/hcoin/blockchain/block.go:44.24,46.6 2 1
github.com/HoYaStudy/Go_Study/hcoin/blockchain/block.go:46.6,49.38 3 1
github.com/HoYaStudy/Go_Study/hcoin/blockchain/block.go:49.38,52.4 2 1
github.com/HoYaStudy/Go_Study/hcoin/blockchain/block.go:52.9,54.4 1 1
github.com/HoYaStudy/Go_Study/hcoin/blockchain/block.go:58.29,60.2 1 1
github.com/HoYaStudy/Go_Study/hcoin/blockchain/block.go:62.38,64.2 1 1
github.com/HoYaStudy/Go_Study/hcoin/blockchain/chain.go:38.40,45.2 6 1
github.com/HoYaStudy/Go_Study/hcoin/blockchain/chain.go:47.50,55.34 8 1
github.com/HoYaStudy/Go_Study/hcoin/blockchain/chain.go:55.34,57.3 1 1
github.com/HoYaStudy/Go_Study/hcoin/blockchain/chain.go:60.52,70.43 10 1
github.com/HoYaStudy/Go_Study/hcoin/blockchain/chain.go:70.43,72.9 2 1
github.com/HoYaStudy/Go_Study/hcoin/blockchain/chain.go:72.9,74.4 1 1
github.com/HoYaStudy/Go_Study/hcoin/blockchain/chain.go:78.52,82.2 3 0
github.com/HoYaStudy/Go_Study/hcoin/blockchain/chain.go:84.31,85.17 1 1
github.com/HoYaStudy/Go_Study/hcoin/blockchain/chain.go:94.2,94.10 1 1
github.com/HoYaStudy/Go_Study/hcoin/blockchain/chain.go:85.17,88.24 3 1
github.com/HoYaStudy/Go_Study/hcoin/blockchain/chain.go:88.24,90.4 1 1
github.com/HoYaStudy/Go_Study/hcoin/blockchain/chain.go:90.9,92.4 1 1
github.com/HoYaStudy/Go_Study/hcoin/blockchain/chain.go:97.37,102.6 5 1
github.com/HoYaStudy/Go_Study/hcoin/blockchain/chain.go:111.2,111.15 1 1
github.com/HoYaStudy/Go_Study/hcoin/blockchain/chain.go:102.6,105.27 3 1
github.com/HoYaStudy/Go_Study/hcoin/blockchain/chain.go:105.27,107.4 1 1
github.com/HoYaStudy/Go_Study/hcoin/blockchain/chain.go:107.9,108.9 1 1
github.com/HoYaStudy/Go_Study/hcoin/blockchain/chain.go:114.64,118.34 3 0
github.com/HoYaStudy/Go_Study/hcoin/blockchain/chain.go:140.2,140.16 1 0
github.com/HoYaStudy/Go_Study/hcoin/blockchain/chain.go:118.34,119.41 1 0
github.com/HoYaStudy/Go_Study/hcoin/blockchain/chain.go:119.41,120.35 1 0
github.com/HoYaStudy/Go_Study/hcoin/blockchain/chain.go:128.4,128.41 1 0
github.com/HoYaStudy/Go_Study/hcoin/blockchain/chain.go:120.35,121.38 1 0
github.com/HoYaStudy/Go_Study/hcoin/blockchain/chain.go:124.5,124.69 1 0
github.com/HoYaStudy/Go_Study/hcoin/blockchain/chain.go:121.38,122.11 1 0
github.com/HoYaStudy/Go_Study/hcoin/blockchain/chain.go:124.69,126.6 1 0
github.com/HoYaStudy/Go_Study/hcoin/blockchain/chain.go:128.41,129.34 1 0
github.com/HoYaStudy/Go_Study/hcoin/blockchain/chain.go:129.34,130.41 1 0
github.com/HoYaStudy/Go_Study/hcoin/blockchain/chain.go:130.41,132.31 2 0
github.com/HoYaStudy/Go_Study/hcoin/blockchain/chain.go:132.31,134.8 1 0
github.com/HoYaStudy/Go_Study/hcoin/blockchain/chain.go:143.58,146.31 3 0
github.com/HoYaStudy/Go_Study/hcoin/blockchain/chain.go:149.2,149.15 1 0
github.com/HoYaStudy/Go_Study/hcoin/blockchain/chain.go:146.31,148.3 1 0
github.com/HoYaStudy/Go_Study/hcoin/blockchain/chain.go:152.31,154.34 2 1
github.com/HoYaStudy/Go_Study/hcoin/blockchain/chain.go:157.2,157.12 1 1
github.com/HoYaStudy/Go_Study/hcoin/blockchain/chain.go:154.34,156.3 1 1
github.com/HoYaStudy/Go_Study/hcoin/blockchain/chain.go:160.49,161.28 1 1
github.com/HoYaStudy/Go_Study/hcoin/blockchain/chain.go:166.2,166.12 1 1
github.com/HoYaStudy/Go_Study/hcoin/blockchain/chain.go:161.28,162.24 1 1
github.com/HoYaStudy/Go_Study/hcoin/blockchain/chain.go:162.24,164.4 1 1
github.com/HoYaStudy/Go_Study/hcoin/blockchain/chain.go:169.43,171.2 1 1
github.com/HoYaStudy/Go_Study/hcoin/blockchain/chain.go:173.47,179.48 6 1
github.com/HoYaStudy/Go_Study/hcoin/blockchain/chain.go:184.2,184.28 1 0
github.com/HoYaStudy/Go_Study/hcoin/blockchain/chain.go:179.48,181.3 1 1
github.com/HoYaStudy/Go_Study/hcoin/blockchain/chain.go:181.8,181.55 1 0
github.com/HoYaStudy/Go_Study/hcoin/blockchain/chain.go:181.55,183.3 1 0
github.com/HoYaStudy/Go_Study/hcoin/blockchain/chain.go:187.39,188.19 1 1
github.com/HoYaStudy/Go_Study/hcoin/blockchain/chain.go:188.19,190.3 1 1
github.com/HoYaStudy/Go_Study/hcoin/blockchain/chain.go:190.8,190.45 1 1
github.com/HoYaStudy/Go_Study/hcoin/blockchain/chain.go:190.45,192.3 1 1
github.com/HoYaStudy/Go_Study/hcoin/blockchain/chain.go:192.8,194.3 1 1
github.com/HoYaStudy/Go_Study/hcoin/blockchain/chain.go:197.39,199.2 1 1
github.com/HoYaStudy/Go_Study/hcoin/blockchain/transactions.go:50.61,52.16 2 0
github.com/HoYaStudy/Go_Study/hcoin/blockchain/transactions.go:55.2,56.16 2 0
github.com/HoYaStudy/Go_Study/hcoin/blockchain/transactions.go:52.16,54.3 1 0
github.com/HoYaStudy/Go_Study/hcoin/blockchain/transactions.go:59.37,63.2 3 0
github.com/HoYaStudy/Go_Study/hcoin/blockchain/transactions.go:65.39,68.27 3 1
github.com/HoYaStudy/Go_Study/hcoin/blockchain/transactions.go:71.2,73.12 3 1
github.com/HoYaStudy/Go_Study/hcoin/blockchain/transactions.go:68.27,70.3 1 1
github.com/HoYaStudy/Go_Study/hcoin/blockchain/transactions.go:76.25,77.20 1 1
github.com/HoYaStudy/Go_Study/hcoin/blockchain/transactions.go:80.2,80.10 1 1
github.com/HoYaStudy/Go_Study/hcoin/blockchain/transactions.go:77.20,79.3 1 1
github.com/HoYaStudy/Go_Study/hcoin/blockchain/transactions.go:83.22,85.2 1 1
github.com/HoYaStudy/Go_Study/hcoin/blockchain/transactions.go:87.21,88.31 1 0
github.com/HoYaStudy/Go_Study/hcoin/blockchain/transactions.go:88.31,90.3 1 0
github.com/HoYaStudy/Go_Study/hcoin/blockchain/transactions.go:93.41,108.2 5 1
github.com/HoYaStudy/Go_Study/hcoin/blockchain/transactions.go:110.55,111.51 1 0
github.com/HoYaStudy/Go_Study/hcoin/blockchain/transactions.go:114.2,118.33 5 0
github.com/HoYaStudy/Go_Study/hcoin/blockchain/transactions.go:126.2,126.43 1 0
github.com/HoYaStudy/Go_Study/hcoin/blockchain/transactions.go:130.2,136.12 7 0
github.com/HoYaStudy/Go_Study/hcoin/blockchain/transactions.go:139.2,139.16 1 0
github.com/HoYaStudy/Go_Study/hcoin/blockchain/transactions.go:111.51,113.3 1 0
github.com/HoYaStudy/Go_Study/hcoin/blockchain/transactions.go:118.33,119.22 1 0
github.com/HoYaStudy/Go_Study/hcoin/blockchain/transactions.go:122.3,124.25 3 0
github.com/HoYaStudy/Go_Study/hcoin/blockchain/transactions.go:119.22,120.9 1 0
github.com/HoYaStudy/Go_Study/hcoin/blockchain/transactions.go:126.43,129.3 2 0
github.com/HoYaStudy/Go_Study/hcoin/blockchain/transactions.go:136.12,138.3 1 0
github.com/HoYaStudy/Go_Study/hcoin/blockchain/transactions.go:142.39,145.35 2 0
github.com/HoYaStudy/Go_Study/hcoin/blockchain/transactions.go:153.2,153.15 1 0
github.com/HoYaStudy/Go_Study/hcoin/blockchain/transactions.go:145.35,146.34 1 0
github.com/HoYaStudy/Go_Study/hcoin/blockchain/transactions.go:146.34,147.64 1 0
github.com/HoYaStudy/Go_Study/hcoin/blockchain/transactions.go:147.64,149.15 2 0
github.com/HoYaStudy/Go_Study/hcoin/blockchain/transactions.go:156.28,158.32 2 0
github.com/HoYaStudy/Go_Study/hcoin/blockchain/transactions.go:170.2,170.14 1 0
github.com/HoYaStudy/Go_Study/hcoin/blockchain/transactions.go:158.32,160.20 2 0
github.com/HoYaStudy/Go_Study/hcoin/blockchain/transactions.go:164.3,166.13 3 0
github.com/HoYaStudy/Go_Study/hcoin/blockchain/transactions.go:160.20,162.9 2 0
github.com/HoYaStudy/Go_Study/hcoin/blockchain/transactions.go:166.13,167.9 1 0
